\BOOKMARK [0][-]{chapter*.3}{The\040NetRexx\040Programming\040Series}{}% 1
\BOOKMARK [0][-]{chapter*.4}{Typographical\040conventions}{}% 2
\BOOKMARK [0][-]{chapter.1}{Introduction}{}% 3
\BOOKMARK [0][-]{chapter.2}{The\040Pipeline\040Concept}{}% 4
\BOOKMARK [1][-]{section.2.1}{What\040is\040a\040pipeline?}{chapter.2}% 5
\BOOKMARK [1][-]{section.2.2}{Stage}{chapter.2}% 6
\BOOKMARK [1][-]{section.2.3}{Device\040Driver}{chapter.2}% 7
\BOOKMARK [1][-]{section.2.4}{Building\040the\040pipeline}{chapter.2}% 8
\BOOKMARK [0][-]{chapter.3}{Device\040Drivers}{}% 9
\BOOKMARK [0][-]{chapter.4}{Filters}{}% 10
\BOOKMARK [0][-]{chapter.5}{Record\040Selection}{}% 11
\BOOKMARK [0][-]{chapter.6}{NetRexx\040Pipelines\040Implementation}{}% 12
\BOOKMARK [1][-]{section.6.1}{Installation\040and\040verification}{chapter.6}% 13
\BOOKMARK [0][-]{chapter.7}{Differences\040with\040respect\040to\040the\040CMS\040Pipelines\040version}{}% 14
\BOOKMARK [0][-]{chapter.8}{Developing\040stages\040in\040NetRexx}{}% 15
\BOOKMARK [0][-]{chapter.9}{Deadlocks}{}% 16
\BOOKMARK [0][-]{chapter.10}{The\040Pipe\040Compiler}{}% 17
\BOOKMARK [0][-]{chapter.11}{Stages}{}% 18
\BOOKMARK [1][-]{section.11.1}{abbrev}{chapter.11}% 19
\BOOKMARK [1][-]{section.11.2}{append}{chapter.11}% 20
\BOOKMARK [1][-]{section.11.3}{between}{chapter.11}% 21
\BOOKMARK [1][-]{section.11.4}{buffer}{chapter.11}% 22
\BOOKMARK [1][-]{section.11.5}{casei}{chapter.11}% 23
\BOOKMARK [1][-]{section.11.6}{change}{chapter.11}% 24
\BOOKMARK [1][-]{section.11.7}{chop}{chapter.11}% 25
\BOOKMARK [1][-]{section.11.8}{command}{chapter.11}% 26
\BOOKMARK [1][-]{section.11.9}{compare}{chapter.11}% 27
\BOOKMARK [1][-]{section.11.10}{console}{chapter.11}% 28
\BOOKMARK [1][-]{section.11.11}{copy}{chapter.11}% 29
\BOOKMARK [1][-]{section.11.12}{count}{chapter.11}% 30
\BOOKMARK [1][-]{section.11.13}{dam}{chapter.11}% 31
\BOOKMARK [1][-]{section.11.14}{deal}{chapter.11}% 32
\BOOKMARK [1][-]{section.11.15}{deblock}{chapter.11}% 33
\BOOKMARK [1][-]{section.11.16}{dict}{chapter.11}% 34
\BOOKMARK [1][-]{section.11.17}{dicta}{chapter.11}% 35
\BOOKMARK [1][-]{section.11.18}{dictr}{chapter.11}% 36
\BOOKMARK [1][-]{section.11.19}{dictw}{chapter.11}% 37
\BOOKMARK [1][-]{section.11.20}{disk}{chapter.11}% 38
\BOOKMARK [1][-]{section.11.21}{diska}{chapter.11}% 39
\BOOKMARK [1][-]{section.11.22}{diskr}{chapter.11}% 40
\BOOKMARK [1][-]{section.11.23}{diskslow}{chapter.11}% 41
\BOOKMARK [1][-]{section.11.24}{diskw}{chapter.11}% 42
\BOOKMARK [1][-]{section.11.25}{drop}{chapter.11}% 43
\BOOKMARK [1][-]{section.11.26}{dup}{chapter.11}% 44
\BOOKMARK [1][-]{section.11.27}{elastic}{chapter.11}% 45
\BOOKMARK [1][-]{section.11.28}{fanin}{chapter.11}% 46
\BOOKMARK [1][-]{section.11.29}{faninany}{chapter.11}% 47
\BOOKMARK [1][-]{section.11.30}{fanout}{chapter.11}% 48
\BOOKMARK [1][-]{section.11.31}{fblock}{chapter.11}% 49
\BOOKMARK [1][-]{section.11.32}{file}{chapter.11}% 50
\BOOKMARK [1][-]{section.11.33}{filea}{chapter.11}% 51
\BOOKMARK [1][-]{section.11.34}{filer}{chapter.11}% 52
\BOOKMARK [1][-]{section.11.35}{fileslow}{chapter.11}% 53
\BOOKMARK [1][-]{section.11.36}{filew}{chapter.11}% 54
\BOOKMARK [1][-]{section.11.37}{find}{chapter.11}% 55
\BOOKMARK [1][-]{section.11.38}{frlabel}{chapter.11}% 56
\BOOKMARK [1][-]{section.11.39}{frtarget}{chapter.11}% 57
\BOOKMARK [1][-]{section.11.40}{gate}{chapter.11}% 58
\BOOKMARK [1][-]{section.11.41}{gen}{chapter.11}% 59
\BOOKMARK [1][-]{section.11.42}{getfiles}{chapter.11}% 60
\BOOKMARK [1][-]{section.11.43}{getovers}{chapter.11}% 61
\BOOKMARK [1][-]{section.11.44}{getstems}{chapter.11}% 62
\BOOKMARK [1][-]{section.11.45}{hash}{chapter.11}% 63
\BOOKMARK [1][-]{section.11.46}{hasha}{chapter.11}% 64
\BOOKMARK [1][-]{section.11.47}{hashr}{chapter.11}% 65
\BOOKMARK [1][-]{section.11.48}{hashw}{chapter.11}% 66
\BOOKMARK [1][-]{section.11.49}{hole}{chapter.11}% 67
\BOOKMARK [1][-]{section.11.50}{insert}{chapter.11}% 68
\BOOKMARK [1][-]{section.11.51}{inside}{chapter.11}% 69
\BOOKMARK [1][-]{section.11.52}{join}{chapter.11}% 70
\BOOKMARK [1][-]{section.11.53}{joincont}{chapter.11}% 71
\BOOKMARK [1][-]{section.11.54}{juxtapose}{chapter.11}% 72
\BOOKMARK [1][-]{section.11.55}{literal}{chapter.11}% 73
\BOOKMARK [1][-]{section.11.56}{locate}{chapter.11}% 74
\BOOKMARK [1][-]{section.11.57}{lookup}{chapter.11}% 75
\BOOKMARK [1][-]{section.11.58}{nfind}{chapter.11}% 76
\BOOKMARK [1][-]{section.11.59}{nlocate}{chapter.11}% 77
\BOOKMARK [1][-]{section.11.60}{noeofback}{chapter.11}% 78
\BOOKMARK [1][-]{section.11.61}{nop}{chapter.11}% 79
\BOOKMARK [1][-]{section.11.62}{not}{chapter.11}% 80
\BOOKMARK [1][-]{section.11.63}{notinside}{chapter.11}% 81
\BOOKMARK [1][-]{section.11.64}{outside}{chapter.11}% 82
\BOOKMARK [1][-]{section.11.65}{over}{chapter.11}% 83
\BOOKMARK [1][-]{section.11.66}{overlay}{chapter.11}% 84
\BOOKMARK [1][-]{section.11.67}{pad}{chapter.11}% 85
\BOOKMARK [1][-]{section.11.68}{pick}{chapter.11}% 86
\BOOKMARK [1][-]{section.11.69}{prefix}{chapter.11}% 87
\BOOKMARK [1][-]{section.11.70}{ptimer}{chapter.11}% 88
\BOOKMARK [1][-]{section.11.71}{qsort}{chapter.11}% 89
\BOOKMARK [1][-]{section.11.72}{random}{chapter.11}% 90
\BOOKMARK [1][-]{section.11.73}{reverse}{chapter.11}% 91
\BOOKMARK [1][-]{section.11.74}{serialize}{chapter.11}% 92
\BOOKMARK [1][-]{section.11.75}{sort}{chapter.11}% 93
\BOOKMARK [1][-]{section.11.76}{sortClass}{chapter.11}% 94
\BOOKMARK [1][-]{section.11.77}{sortRexx}{chapter.11}% 95
\BOOKMARK [1][-]{section.11.78}{specs}{chapter.11}% 96
\BOOKMARK [1][-]{section.11.79}{split}{chapter.11}% 97
\BOOKMARK [1][-]{section.11.80}{sqlselect}{chapter.11}% 98
\BOOKMARK [1][-]{section.11.81}{stem}{chapter.11}% 99
\BOOKMARK [1][-]{section.11.82}{stema}{chapter.11}% 100
\BOOKMARK [1][-]{section.11.83}{stemr}{chapter.11}% 101
\BOOKMARK [1][-]{section.11.84}{stemw}{chapter.11}% 102
\BOOKMARK [1][-]{section.11.85}{strfind}{chapter.11}% 103
\BOOKMARK [1][-]{section.11.86}{strfrlabel}{chapter.11}% 104
\BOOKMARK [1][-]{section.11.87}{strliteral}{chapter.11}% 105
\BOOKMARK [1][-]{section.11.88}{strnfind}{chapter.11}% 106
\BOOKMARK [1][-]{section.11.89}{strtolabel}{chapter.11}% 107
\BOOKMARK [1][-]{section.11.90}{take}{chapter.11}% 108
\BOOKMARK [1][-]{section.11.91}{task}{chapter.11}% 109
\BOOKMARK [1][-]{section.11.92}{tcpclient}{chapter.11}% 110
\BOOKMARK [1][-]{section.11.93}{tcpdata}{chapter.11}% 111
\BOOKMARK [1][-]{section.11.94}{tcplisten}{chapter.11}% 112
\BOOKMARK [1][-]{section.11.95}{timestamp}{chapter.11}% 113
\BOOKMARK [1][-]{section.11.96}{tokenize}{chapter.11}% 114
\BOOKMARK [1][-]{section.11.97}{tolabel}{chapter.11}% 115
\BOOKMARK [1][-]{section.11.98}{totarget}{chapter.11}% 116
\BOOKMARK [1][-]{section.11.99}{unique}{chapter.11}% 117
\BOOKMARK [1][-]{section.11.100}{var}{chapter.11}% 118
\BOOKMARK [1][-]{section.11.101}{vector}{chapter.11}% 119
\BOOKMARK [1][-]{section.11.102}{vectora}{chapter.11}% 120
\BOOKMARK [1][-]{section.11.103}{vectorr}{chapter.11}% 121
\BOOKMARK [1][-]{section.11.104}{vectorw}{chapter.11}% 122
\BOOKMARK [1][-]{section.11.105}{watchp}{chapter.11}% 123
\BOOKMARK [1][-]{section.11.106}{xconsole}{chapter.11}% 124
\BOOKMARK [1][-]{section.11.107}{xlate}{chapter.11}% 125
\BOOKMARK [1][-]{section.11.108}{zone}{chapter.11}% 126
\BOOKMARK [0][-]{chapter.12}{Appendix\040A}{}% 127
\BOOKMARK [0][-]{chapter.12}{List\040of\040Figures}{}% 128
\BOOKMARK [0][-]{chapter*.6}{List\040of\040Tables}{}% 129
\BOOKMARK [0][-]{chapter*.8}{Index}{}% 130
