This is XeTeX, Version 3.1415926-2.2-0.9997.4 (TeX Live 2010) (format=xelatex 2011.5.26)  10 APR 2012 20:32
entering extended mode
 restricted \write18 enabled.
 %&-line parsing enabled.
**njpipes.tex
(./njpipes.tex
LaTeX2e <2009/09/24>
Babel <v3.8l> and hyphenation patterns for english, dumylang, nohyphenation, ge
rman-x-2009-06-19, ngerman-x-2009-06-19, ancientgreek, ibycus, arabic, armenian
, basque, bulgarian, catalan, pinyin, coptic, croatian, czech, danish, dutch, u
kenglish, usenglishmax, esperanto, estonian, farsi, finnish, french, galician, 
german, ngerman, swissgerman, monogreek, greek, hungarian, icelandic, assamese,
 bengali, gujarati, hindi, kannada, malayalam, marathi, oriya, panjabi, tamil, 
telugu, indonesian, interlingua, irish, italian, kurmanji, lao, latin, latvian,
 lithuanian, mongolian, mongolianlmc, bokmal, nynorsk, polish, portuguese, roma
nian, russian, sanskrit, serbian, slovak, slovenian, spanish, swedish, turkish,
 turkmen, ukrainian, uppersorbian, welsh, loaded.
(/usr/local/texlive/2010/texmf-dist/tex/latex/base/book.cls
Document Class: book 2007/10/19 v1.4h Standard LaTeX document class
(/usr/local/texlive/2010/texmf-dist/tex/latex/base/bk10.clo
File: bk10.clo 2007/10/19 v1.4h Standard LaTeX file (size option)
)
\c@part=\count80
\c@chapter=\count81
\c@section=\count82
\c@subsection=\count83
\c@subsubsection=\count84
\c@paragraph=\count85
\c@subparagraph=\count86
\c@figure=\count87
\c@table=\count88
\abovecaptionskip=\skip41
\belowcaptionskip=\skip42
\bibindent=\dimen102
)
(../boilerplate/rexx.sty

LaTeX Warning: You have requested package `../boilerplate/rexx',
               but the package provides `rexx'.

Package: rexx 
(/usr/local/texlive/2010/texmf-dist/tex/latex/base/ifthen.sty
Package: ifthen 2001/05/26 v1.1c Standard LaTeX ifthen package (DPC)
)
\serifindent=\skip43
\c@rexx@sizenew=\count89
\dateup=\skip44
\dateleft=\skip45
\dateright=\skip46
\psp@raise=\skip47
\psp@width=\skip48
\toc@vgap=\skip49
\toc@inset=\skip50
\toc@numwidth=\skip51
\toc@pagegap=\skip52
\toc@marginchap=\skip53
\toc@marginsec=\skip54
\toc@marginsubsec=\skip55
)
(/usr/local/texlive/2010/texmf-dist/tex/latex/hyperref/hyperref.sty
Package: hyperref 2010/06/18 v6.81g Hypertext links for LaTeX

(/usr/local/texlive/2010/texmf-dist/tex/generic/oberdiek/ltxcmds.sty
Package: ltxcmds 2010/04/26 v1.7 LaTeX kernel commands for general use (HO)
)
(/usr/local/texlive/2010/texmf-dist/tex/latex/graphics/keyval.sty
Package: keyval 1999/03/16 v1.13 key=value parser (DPC)
\KV@toks@=\toks14
)
(/usr/local/texlive/2010/texmf-dist/tex/generic/oberdiek/kvsetkeys.sty
Package: kvsetkeys 2010/03/01 v1.9 Key value parser (HO)

(/usr/local/texlive/2010/texmf-dist/tex/generic/oberdiek/infwarerr.sty
Package: infwarerr 2010/04/08 v1.3 Providing info/warning/message (HO)
)
(/usr/local/texlive/2010/texmf-dist/tex/generic/oberdiek/etexcmds.sty
Package: etexcmds 2010/01/28 v1.3 Prefix for e-TeX command names (HO)
Package etexcmds Info: Could not find \expanded.
(etexcmds)             That can mean that you are not using pdfTeX 1.50 or
(etexcmds)             that some package has redefined \expanded.
(etexcmds)             In the latter case, load this package earlier.
))
(/usr/local/texlive/2010/texmf-dist/tex/generic/oberdiek/pdfescape.sty
Package: pdfescape 2010/03/01 v1.9 Provides hex, PDF name and string conversion
s (HO)

(/usr/local/texlive/2010/texmf-dist/tex/generic/oberdiek/pdftexcmds.sty
Package: pdftexcmds 2010/04/01 v0.9 Utility functions of pdfTeX for LuaTeX (HO)


(/usr/local/texlive/2010/texmf-dist/tex/generic/oberdiek/ifluatex.sty
Package: ifluatex 2010/03/01 v1.3 Provides the ifluatex switch (HO)
Package ifluatex Info: LuaTeX not detected.
)
Package pdftexcmds Info: LuaTeX not detected.
Package pdftexcmds Info: pdfTeX >= 1.30 not detected.
Package pdftexcmds Info: \pdf@primitive is available.
Package pdftexcmds Info: \pdf@ifprimitive is available.
))
(/usr/local/texlive/2010/texmf-dist/tex/generic/oberdiek/ifpdf.sty
Package: ifpdf 2010/01/28 v2.1 Provides the ifpdf switch (HO)
Package ifpdf Info: pdfTeX in pdf mode not detected.
)
(/usr/local/texlive/2010/texmf-dist/tex/generic/oberdiek/ifvtex.sty
Package: ifvtex 2010/03/01 v1.5 Switches for detecting VTeX and its modes (HO)
Package ifvtex Info: VTeX not detected.
)
(/usr/local/texlive/2010/texmf-dist/tex/generic/ifxetex/ifxetex.sty
Package: ifxetex 2009/01/23 v0.5 Provides ifxetex conditional
)
(/usr/local/texlive/2010/texmf-dist/tex/latex/oberdiek/hycolor.sty
Package: hycolor 2009/12/12 v1.6 Color options of hyperref/bookmark (HO)

(/usr/local/texlive/2010/texmf-dist/tex/latex/oberdiek/xcolor-patch.sty
Package: xcolor-patch 2009/12/12 xcolor patch
))
(/usr/local/texlive/2010/texmf-dist/tex/latex/oberdiek/letltxmacro.sty
Package: letltxmacro 2008/06/24 v1.3 Let assignment for LaTeX macros (HO)
)
\@linkdim=\dimen103
\Hy@linkcounter=\count90
\Hy@pagecounter=\count91

(/usr/local/texlive/2010/texmf-dist/tex/latex/hyperref/pd1enc.def
File: pd1enc.def 2010/06/18 v6.81g Hyperref: PDFDocEncoding definition (HO)
)
(/usr/local/texlive/2010/texmf-dist/tex/generic/oberdiek/intcalc.sty
Package: intcalc 2007/09/27 v1.1 Expandable integer calculations (HO)
)
(/usr/local/texlive/2010/texmf-dist/tex/xelatex/xetexconfig/hyperref.cfg
File: hyperref.cfg 2008/07/11 v1.2 hyperref configuration for XeLaTeX
)
(/usr/local/texlive/2010/texmf-dist/tex/latex/oberdiek/kvoptions.sty
Package: kvoptions 2010/02/22 v3.7 Keyval support for LaTeX options (HO)
)
Package hyperref Info: Hyper figures OFF on input line 3658.
Package hyperref Info: Link nesting OFF on input line 3663.
Package hyperref Info: Hyper index ON on input line 3666.
Package hyperref Info: Plain pages OFF on input line 3673.
Package hyperref Info: Backreferencing OFF on input line 3678.

Implicit mode ON; LaTeX internals redefined
Package hyperref Info: Bookmarks ON on input line 3874.
(/usr/local/texlive/2010/texmf-dist/tex/latex/url/url.sty
\Urlmuskip=\muskip10
Package: url 2006/04/12  ver 3.3  Verb mode for urls, etc.
)
LaTeX Info: Redefining \url on input line 4159.

(/usr/local/texlive/2010/texmf-dist/tex/generic/oberdiek/bitset.sty
Package: bitset 2007/09/28 v1.0 Data type bit set (HO)

(/usr/local/texlive/2010/texmf-dist/tex/generic/oberdiek/bigintcalc.sty
Package: bigintcalc 2007/11/11 v1.1 Expandable big integer calculations (HO)
))
\Fld@menulength=\count92
\Field@Width=\dimen104
\Fld@charsize=\dimen105
\Field@toks=\toks15
Package hyperref Info: Hyper figures OFF on input line 5137.
Package hyperref Info: Link nesting OFF on input line 5142.
Package hyperref Info: Hyper index ON on input line 5145.
Package hyperref Info: backreferencing OFF on input line 5152.
Package hyperref Info: Link coloring OFF on input line 5157.
Package hyperref Info: Link coloring with OCG OFF on input line 5162.
Package hyperref Info: PDF/A mode OFF on input line 5167.
LaTeX Info: Redefining \ref on input line 5207.
LaTeX Info: Redefining \pageref on input line 5211.

(/usr/local/texlive/2010/texmf-dist/tex/generic/oberdiek/atbegshi.sty
Package: atbegshi 2010/03/25 v1.12 At begin shipout hook (HO)
)
\Hy@abspage=\count93
\c@Item=\count94
\c@Hfootnote=\count95
)
* hyperref using default driver hxetex *
(/usr/local/texlive/2010/texmf-dist/tex/latex/hyperref/hxetex.def
File: hxetex.def 2010/06/18 v6.81g Hyperref driver for XeTeX

(/usr/local/texlive/2010/texmf-dist/tex/latex/hyperref/puenc.def
File: puenc.def 2010/06/18 v6.81g Hyperref: PDF Unicode definition (HO)
)
(/usr/local/texlive/2010/texmf-dist/tex/generic/oberdiek/stringenc.sty
Package: stringenc 2010/03/01 v1.8 Converts strings between encodings (HO)
)
\pdfm@box=\box26
\c@Hy@AnnotLevel=\count96
\HyField@AnnotCount=\count97
\Fld@listcount=\count98
\c@bookmark@seq@number=\count99

(/usr/local/texlive/2010/texmf-dist/tex/latex/oberdiek/rerunfilecheck.sty
Package: rerunfilecheck 2010/03/16 v1.6 Rerun checks for auxiliary files (HO)
Package rerunfilecheck Info: Feature \pdfmdfivesum is not available
(rerunfilecheck)             (e.g. pdfTeX or LuaTeX with package `pdftexcmds').

(rerunfilecheck)             Therefore file contents cannot be checked efficien
tly
(rerunfilecheck)             and the loading of the package is aborted.
)
\Hy@SectionHShift=\skip56
)
(/usr/local/texlive/2010/texmf-dist/tex/latex/graphics/graphics.sty
Package: graphics 2009/02/05 v1.0o Standard LaTeX Graphics (DPC,SPQR)

(/usr/local/texlive/2010/texmf-dist/tex/latex/graphics/trig.sty
Package: trig 1999/03/16 v1.09 sin cos tan (DPC)
)
(/usr/local/texlive/2010/texmf-dist/tex/latex/latexconfig/graphics.cfg
File: graphics.cfg 2010/04/23 v1.9 graphics configuration of TeX Live
)
Package graphics Info: Driver file: xetex.def on input line 91.

(/usr/local/texlive/2010/texmf-dist/tex/xelatex/xetex-def/xetex.def
File: xetex.def 2009/11/22 v0.94 LaTeX color/graphics driver for XeTeX (RRM/JK)

))
(/usr/local/texlive/2010/texmf-dist/tex/latex/fontspec/fontspec.sty
Package: fontspec 2010/07/14 v2.0b Advanced font selection for XeLaTeX/LuaLaTeX


(/usr/local/texlive/2010/texmf-dist/tex/latex/expl3/expl3.sty
(/usr/local/texlive/2010/texmf-dist/tex/latex/expl3/l3names.sty
Package: l3names 2010/07/11 v1981 L3 Experimental Naming Scheme for TeX Primiti
ves
)
Package: expl3 2010/07/13 v1982 L3 Experimental code bundle wrapper

(/usr/local/texlive/2010/texmf-dist/tex/latex/etex-pkg/etex.sty
Package: etex 1998/03/26 v2.0 eTeX basic definition package (PEB)
\et@xins=\count100
)
(/usr/local/texlive/2010/texmf-dist/tex/latex/expl3/l3basics.sty
Package: l3basics 2010/06/07 v1942 L3 Experimental basic definitions
)
(/usr/local/texlive/2010/texmf-dist/tex/latex/expl3/l3expan.sty
Package: l3expan 2010/06/10 v1948 L3 Experimental Argument Expansion module
)
(/usr/local/texlive/2010/texmf-dist/tex/latex/expl3/l3tl.sty
Package: l3tl 2010/05/22 v1919 L3 Experimental Token Lists
)
(/usr/local/texlive/2010/texmf-dist/tex/latex/expl3/l3intexpr.sty
Package: l3intexpr 2010/06/15 v1957 L3 Integer Expressions
)
(/usr/local/texlive/2010/texmf-dist/tex/latex/expl3/l3quark.sty
Package: l3quark 2010/03/21 v1853 L3 Experimental Quark Commands
)
(/usr/local/texlive/2010/texmf-dist/tex/latex/expl3/l3seq.sty
Package: l3seq 2010/03/29 v1879 L3 Experimental sequences and stacks
)
(/usr/local/texlive/2010/texmf-dist/tex/latex/expl3/l3toks.sty
Package: l3toks 2010/05/25 v1933 L3 Experimental Token Registers
\l_tmpb_toks=\toks16
\l_tmpc_toks=\toks17
\g_tmpa_toks=\toks18
\g_tmpb_toks=\toks19
\g_tmpc_toks=\toks20
\c_empty_toks=\toks21
\l_tl_replace_toks=\toks22
)
(/usr/local/texlive/2010/texmf-dist/tex/latex/expl3/l3int.sty
Package: l3int 2010/05/25 v1933 L3 Experimental Integer module
\l_tmpa_int=\count101
\l_tmpb_int=\count102
\l_tmpc_int=\count103
\g_tmpa_int=\count104
\g_tmpb_int=\count105
\c_max_int=\count106
\g_tl_inline_level_int=\count107
)
(/usr/local/texlive/2010/texmf-dist/tex/latex/expl3/l3prg.sty
Package: l3prg 2010/03/21 v1853 L3 Experimental control structures
\g_prg_inline_level_int=\count108
)
(/usr/local/texlive/2010/texmf-dist/tex/latex/expl3/l3clist.sty
Package: l3clist 2010/03/29 v1878 L3 Experimental comma separated lists
\g_clist_inline_level_int=\count109
)
(/usr/local/texlive/2010/texmf-dist/tex/latex/expl3/l3token.sty
Package: l3token 2010/04/11 v1890 L3 Experimental token investigation and manip
ulation
)
(/usr/local/texlive/2010/texmf-dist/tex/latex/expl3/l3prop.sty
Package: l3prop 2010/03/21 v1857 L3 Experimental Property Lists
\g_prop_inline_level_int=\count110
)
(/usr/local/texlive/2010/texmf-dist/tex/latex/expl3/l3msg.sty
Package: l3msg 2010/03/23 v1866 L3 Experimental LaTeX Messages module
\l_msg_redirect_classes_prop=\toks23
\l_msg_redirect_names_prop=\toks24
\l_msg_redirect_fatal_prop=\toks25
\l_msg_redirect_error_prop=\toks26
\l_msg_redirect_warning_prop=\toks27
\l_msg_redirect_info_prop=\toks28
\l_msg_redirect_log_prop=\toks29
\l_msg_redirect_trace_prop=\toks30
\l_msg_redirect_none_prop=\toks31
)
(/usr/local/texlive/2010/texmf-dist/tex/latex/expl3/l3io.sty
Package: l3io 2010/05/22 v1923 L3 Experimental i/o module
\g_iow_streams_prop=\toks32
\g_ior_streams_prop=\toks33
\l_iow_stream_int=\count111
)
(/usr/local/texlive/2010/texmf-dist/tex/latex/expl3/l3skip.sty
Package: l3skip 2010/05/25 v1933 L3 Experimental skip registers
\l_tmpa_skip=\skip57
\l_tmpb_skip=\skip58
\l_tmpc_skip=\skip59
\g_tmpa_skip=\skip60
\g_tmpb_skip=\skip61
\l_tmpa_dim=\dimen106
\l_tmpb_dim=\dimen107
\l_tmpc_dim=\dimen108
\l_tmpd_dim=\dimen109
\g_tmpa_dim=\dimen110
\g_tmpb_dim=\dimen111
)
(/usr/local/texlive/2010/texmf-dist/tex/latex/expl3/l3box.sty
Package: l3box 2010/05/22 v1919 L3 Experimental Box module
\l_tmpb_box=\box27
)
(/usr/local/texlive/2010/texmf-dist/tex/latex/expl3/l3keyval.sty
Package: l3keyval 2010/04/11 v1890 L3 Experimental keyval processing
\l_KV_level_int=\count112
)
(/usr/local/texlive/2010/texmf-dist/tex/latex/expl3/l3keys.sty
Package: l3keys 2010/05/24 v1931 L3 Experimental key-value support
\l_keys_choice_int=\count113
)
(/usr/local/texlive/2010/texmf-dist/tex/latex/expl3/l3precom.sty
Package: l3precom 2010/02/09 v1793 L3 Experimental precompilation module
\g_gen_sym_int=\count114
\g_ggen_sym_int=\count115
)
(/usr/local/texlive/2010/texmf-dist/tex/latex/expl3/l3xref.sty
Package: l3xref 2010/02/09 v1786 L3 Experimental cross referencing
\g_xref_all_curr_immediate_fields_prop=\toks34
\g_xref_all_curr_deferred_fields_prop=\toks35
)
(/usr/local/texlive/2010/texmf-dist/tex/latex/expl3/l3file.sty
Package: l3file 2010/03/21 v1853 L3 Experimental file loading
)
(/usr/local/texlive/2010/texmf-dist/tex/latex/expl3/l3fp.sty
Package: l3fp 2010/07/08 v1979 L3 Experimental floating-point operations
\l_fp_input_a_integer_int=\count116
\l_fp_input_a_decimal_int=\count117
\l_fp_input_b_integer_int=\count118
\l_fp_input_b_decimal_int=\count119
\l_fp_input_a_sign_int=\count120
\l_fp_input_b_sign_int=\count121
\l_fp_split_sign_int=\count122
\l_fp_mul_a_i_int=\count123
\l_fp_mul_a_ii_int=\count124
\l_fp_mul_a_iii_int=\count125
\l_fp_mul_a_iv_int=\count126
\l_fp_mul_a_v_int=\count127
\l_fp_mul_a_vi_int=\count128
\l_fp_mul_b_i_int=\count129
\l_fp_mul_b_ii_int=\count130
\l_fp_mul_b_iii_int=\count131
\l_fp_mul_b_iv_int=\count132
\l_fp_mul_b_v_int=\count133
\l_fp_mul_b_vi_int=\count134
\l_fp_mul_output_int=\count135
\l_fp_div_count_int=\count136
\l_fp_div_offset_int=\count137
\l_fp_output_sign_int=\count138
\l_fp_output_integer_int=\count139
\l_fp_output_decimal_int=\count140
\l_fp_round_discard_int=\count141
\l_fp_round_position_int=\count142
\l_fp_tmp_int=\count143
\c_one_hundred_million=\count144
\c_one_thousand_million=\count145
\l_fp_tmp_dim=\dimen112
\l_fp_round_precision_int=\count146
)
(/usr/local/texlive/2010/texmf-dist/tex/latex/tools/calc.sty
Package: calc 2007/08/22 v4.3 Infix arithmetic (KKT,FJ)
\calc@Acount=\count147
\calc@Bcount=\count148
\calc@Adimen=\dimen113
\calc@Bdimen=\dimen114
\calc@Askip=\skip62
\calc@Bskip=\skip63
LaTeX Info: Redefining \setlength on input line 76.
LaTeX Info: Redefining \addtolength on input line 77.
\calc@Ccount=\count149
\calc@Cskip=\skip64
))
(/usr/local/texlive/2010/texmf-dist/tex/latex/xpackages/xbase/xparse.sty
Package: xparse 2010/05/23 v1927 Generic document command parser
\c_xparse_shorthands_prop=\toks36
\l_xparse_m_args_int=\count150
\l_xparse_mandatory_args_int=\count151
\l_xparse_processor_int=\count152
\l_xparse_total_args_int=\count153
)
(/usr/local/texlive/2010/texmf-dist/tex/generic/kastrup/binhex.tex)
\c@zf@newff=\count154
\c@zf@index=\count155
\c@zf@script=\count156
\c@zf@language=\count157
\l_fontspec_strnum_int=\count158

(/usr/local/texlive/2010/texmf-dist/tex/latex/xkeyval/xkeyval.sty
Package: xkeyval 2008/08/13 v2.6a package option processing (HA)

(/usr/local/texlive/2010/texmf-dist/tex/generic/xkeyval/xkeyval.tex
\XKV@toks=\toks37
\XKV@tempa@toks=\toks38
\XKV@depth=\count159
File: xkeyval.tex 2008/08/13 v2.6a key=value parser (HA)
))
(/usr/local/texlive/2010/texmf-dist/tex/latex/fontspec/fontspec-patches.sty
Package: fontspec-patches 2010/07/14 v2.0b Advanced font selection for XeLaTeX/
LuaLaTeX

(/usr/local/texlive/2010/texmf-dist/tex/latex/base/fixltx2e.sty
Package: fixltx2e 2006/09/13 v1.1m fixes to LaTeX
LaTeX Info: Redefining \em on input line 420.
)
LaTeX Info: Redefining \em on input line 23.
LaTeX Info: Redefining \emph on input line 27.
LaTeX Info: Redefining \- on input line 30.
)
(/usr/local/texlive/2010/texmf-dist/tex/latex/base/fontenc.sty
Package: fontenc 2005/09/27 v1.99g Standard LaTeX package

(/usr/local/texlive/2010/texmf-dist/tex/latex/euenc/eu1enc.def
File: eu1enc.def 2010/05/27 v0.1g Experimental Unicode font encodings
)
LaTeX Font Info:    Try loading font information for EU1+lmr on input line 100.


(/usr/local/texlive/2010/texmf-dist/tex/latex/euenc/eu1lmr.fd
File: eu1lmr.fd 2009/10/30 v1.6 Font defs for Latin Modern
))
 LaTeX Info: Defining document command \fontspec
(LaTeX)  with arg. spec. 'O{}m' on line 264.

 LaTeX Info: Defining document command \setmainfont
(LaTeX)  with arg. spec. 'O{}m' on line 268.

 LaTeX Info: Defining document command \setsansfont
(LaTeX)  with arg. spec. 'O{}m' on line 272.

 LaTeX Info: Defining document command \setmonofont
(LaTeX)  with arg. spec. 'O{}m' on line 276.

 LaTeX Info: Defining document command \setmathrm
(LaTeX)  with arg. spec. 'O{}m' on line 280.

 LaTeX Info: Defining document command \setboldmathrm
(LaTeX)  with arg. spec. 'O{}m' on line 283.

 LaTeX Info: Defining document command \setmathsf
(LaTeX)  with arg. spec. 'O{}m' on line 286.

 LaTeX Info: Defining document command \setmathtt
(LaTeX)  with arg. spec. 'O{}m' on line 289.

 LaTeX Info: Defining document command \newfontfamily
(LaTeX)  with arg. spec. 'mO{}m' on line 304.

 LaTeX Info: Defining document command \newfontface
(LaTeX)  with arg. spec. 'mO{}m' on line 307.

 LaTeX Info: Defining document command \defaultfontfeatures
(LaTeX)  with arg. spec. 'm' on line 308.

 LaTeX Info: Defining document command \addfontfeatures
(LaTeX)  with arg. spec. 'm' on line 325.

 LaTeX Info: Defining document command \newfontfeature
(LaTeX)  with arg. spec. 'mm' on line 334.

 LaTeX Info: Defining document command \newAATfeature
(LaTeX)  with arg. spec. 'mmmm' on line 343.

 LaTeX Info: Defining document command \newICUfeature
(LaTeX)  with arg. spec. 'mmm' on line 352.

 LaTeX Info: Defining document command \aliasfontfeature
(LaTeX)  with arg. spec. 'mm' on line 354.

 LaTeX Info: Defining document command \aliasfontfeatureoption
(LaTeX)  with arg. spec. 'mmm' on line 357.

 LaTeX Info: Defining document command \newfontscript
(LaTeX)  with arg. spec. 'mm' on line 362.

 LaTeX Info: Defining document command \newfontlanguage
(LaTeX)  with arg. spec. 'mm' on line 379.

 LaTeX Info: Defining document command \DeclareFontsExtensions
(LaTeX)  with arg. spec. 'm' on line 395.

\c@fontspec_tmp_int=\count160
LaTeX Info: Redefining \itshape on input line 1903.
LaTeX Info: Redefining \slshape on input line 1907.
LaTeX Info: Redefining \scshape on input line 1911.
LaTeX Info: Redefining \upshape on input line 1915.

fontspec.cfg loaded.
(/usr/local/texlive/2010/texmf-dist/tex/latex/fontspec/fontspec.cfg))
\c@zf@famc@Times New Roman=\count161
 fontspec Info: Defining font family for 'Times New Roman' with options [Mappin
g=tex-text].

Package fontspec Info: Defining shape m/n with raw font features:
(fontspec)             mapping=tex-text;.
Package fontspec Info: Defining shape bx/n with raw font features:
(fontspec)             mapping=tex-text;.
Package fontspec Info: Defining shape m/it with raw font features:
(fontspec)             mapping=tex-text;.
Package fontspec Info: Defining shape bx/it with raw font features:
(fontspec)             mapping=tex-text;.

(/usr/local/texlive/2010/texmf-dist/tex/latex/tools/tabularx.sty
Package: tabularx 1999/01/07 v2.07 `tabularx' package (DPC)

(/usr/local/texlive/2010/texmf-dist/tex/latex/tools/array.sty
Package: array 2008/09/09 v2.4c Tabular extension package (FMi)
\col@sep=\dimen115
\extrarowheight=\dimen116
\NC@list=\toks39
\extratabsurround=\skip65
\backup@length=\skip66
)
\TX@col@width=\dimen117
\TX@old@table=\dimen118
\TX@old@col=\dimen119
\TX@target=\dimen120
\TX@delta=\dimen121
\TX@cols=\count162
\TX@ftn=\toks40
)
(/usr/local/texlive/2010/texmf-dist/tex/latex/booktabs/booktabs.sty
Package: booktabs 2005/04/14 v1.61803 publication quality tables
\heavyrulewidth=\dimen122
\lightrulewidth=\dimen123
\cmidrulewidth=\dimen124
\belowrulesep=\dimen125
\belowbottomsep=\dimen126
\aboverulesep=\dimen127
\abovetopsep=\dimen128
\cmidrulesep=\dimen129
\cmidrulekern=\dimen130
\defaultaddspace=\dimen131
\@cmidla=\count163
\@cmidlb=\count164
\@aboverulesep=\dimen132
\@belowrulesep=\dimen133
\@thisruleclass=\count165
\@lastruleclass=\count166
\@thisrulewidth=\dimen134
)
(/usr/local/texlive/2010/texmf-dist/tex/latex/base/makeidx.sty
Package: makeidx 2000/03/29 v1.0m Standard LaTeX package
)
(/usr/local/texlive/2010/texmf-dist/tex/generic/xypic/xy.sty
(/usr/local/texlive/2010/texmf-dist/tex/generic/xypic/xy.tex Bootstrap'ing:
catcodes, docmode,
(/usr/local/texlive/2010/texmf-dist/tex/generic/xypic/xyrecat.tex)
(/usr/local/texlive/2010/texmf-dist/tex/generic/xypic/xyidioms.tex)

 Xy-pic version 3.8.2 <2010/06/17>
 Copyright (c) 1991-2010 by Kristoffer H. Rose <krisrose@tug.org>
 Xy-pic is free software: see the User's Guide for details.

Loading kernel: messages; fonts; allocations: state,
\X@c=\dimen135
\Y@c=\dimen136
\U@c=\dimen137
\D@c=\dimen138
\L@c=\dimen139
\R@c=\dimen140
\Edge@c=\toks41
\X@p=\dimen141
\Y@p=\dimen142
\U@p=\dimen143
\D@p=\dimen144
\L@p=\dimen145
\R@p=\dimen146
\Edge@p=\toks42
\X@origin=\dimen147
\Y@origin=\dimen148
\X@xbase=\dimen149
\Y@xbase=\dimen150
\X@ybase=\dimen151
\Y@ybase=\dimen152
\X@min=\dimen153
\Y@min=\dimen154
\X@max=\dimen155
\Y@max=\dimen156
\lastobjectbox@=\box28
\zerodotbox@=\box29
\almostz@=\dimen157
 direction,
\d@X=\dimen158
\d@Y=\dimen159
\K@=\count167
\KK@=\count168
\Direction=\count169
\K@dXdY=\dimen160
\K@dYdX=\dimen161
\xyread@=\read1
\xywrite@=\write3
\csp@=\count170
\quotPTK@=\dimen162

utility macros; pictures: \xy, positions,
\swaptoks@@=\toks43
\connectobjectbox@@=\box30
 objects,
\styletoks@=\toks44
 decorations;
kernel objects: directionals, circles, text; options; algorithms: directions,
edges, connections;  Xy-pic loaded)
Package: xy 2010/06/17 Xy-pic version 3.8.2

(/usr/local/texlive/2010/texmf-dist/tex/generic/xypic/xyall.tex
 Xy-pic option: All features v.3.6
(/usr/local/texlive/2010/texmf-dist/tex/generic/xypic/xycurve.tex
 Xy-pic option: Curve and Spline extension v.3.11 curve,
\crv@cnt@=\count171
\crvpts@=\toks45
\splinebox@=\box31
\splineval@=\dimen163
\splinedepth@=\dimen164
\splinetol@=\dimen165
\splinelength@=\dimen166
 circles,
\L@=\dimen167
 loaded)
(/usr/local/texlive/2010/texmf-dist/tex/generic/xypic/xyframe.tex
 Xy-pic option: Frame and Bracket extension v.3.11 loaded)
(/usr/local/texlive/2010/texmf-dist/tex/generic/xypic/xycmtip.tex
 Xy-pic option: Computer Modern tip extension v.3.5
(/usr/local/texlive/2010/texmf-dist/tex/generic/xypic/xytips.tex
 Xy-pic option: More Tips extension v.3.7 loaded) loaded)
(/usr/local/texlive/2010/texmf-dist/tex/generic/xypic/xyline.tex
 Xy-pic option: Line styles extension v.3.9
\xylinethick@=\dimen168
 loaded)
(/usr/local/texlive/2010/texmf-dist/tex/generic/xypic/xyrotate.tex
 Xy-pic option: Rotate and Scale extension v.3.7 loaded)
(/usr/local/texlive/2010/texmf-dist/tex/generic/xypic/xycolor.tex
 Xy-pic option: Colour extension v.3.10 loaded)
(/usr/local/texlive/2010/texmf-dist/tex/generic/xypic/xymatrix.tex
 Xy-pic option: Matrix feature v.3.8
\Row=\count172
\Col=\count173
\queue@=\toks46
\queue@@=\toks47
\qcount@=\count174
\qcount@@=\count175
\matrixsize@=\count176
 loaded)
(/usr/local/texlive/2010/texmf-dist/tex/generic/xypic/xyarrow.tex
 Xy-pic option: Arrow and Path feature v.3.7 path, \ar, loaded)
(/usr/local/texlive/2010/texmf-dist/tex/generic/xypic/xygraph.tex
 Xy-pic option: Graph feature v.3.9 loaded) loaded))
(/usr/local/texlive/2010/texmf-dist/tex/latex/tree-dvips/lingmacros.sty
\c@enums=\count177
\widelabel=\dimen169
\c@tempcnt=\count178
\c@enumsi=\count179
\eeindent=\dimen170
)
(/usr/local/texlive/2010/texmf-dist/tex/latex/graphics/color.sty
Package: color 2005/11/14 v1.0j Standard LaTeX Color (DPC)

(/usr/local/texlive/2010/texmf-dist/tex/latex/latexconfig/color.cfg
File: color.cfg 2007/01/18 v1.5 color configuration of teTeX/TeXLive
)
Package color Info: Driver file: xetex.def on input line 130.
)
(/usr/local/texlive/2010/texmf-dist/tex/latex/xcolor/xcolor.sty
Package: xcolor 2007/01/21 v2.11 LaTeX color extensions (UK)

(/usr/local/texlive/2010/texmf-dist/tex/latex/latexconfig/color.cfg
File: color.cfg 2007/01/18 v1.5 color configuration of teTeX/TeXLive
)
Package xcolor Info: Driver file: xetex.def on input line 225.
LaTeX Info: Redefining \color on input line 702.
Package xcolor Info: Model `cmy' substituted by `cmy0' on input line 1337.
Package xcolor Info: Model `RGB' extended on input line 1353.
Package xcolor Info: Model `HTML' substituted by `rgb' on input line 1355.
Package xcolor Info: Model `Hsb' substituted by `hsb' on input line 1356.
Package xcolor Info: Model `tHsb' substituted by `hsb' on input line 1357.
Package xcolor Info: Model `HSB' substituted by `hsb' on input line 1358.
Package xcolor Info: Model `Gray' substituted by `gray' on input line 1359.
Package xcolor Info: Model `wave' substituted by `hsb' on input line 1360.
)
(/usr/local/texlive/2010/texmf-dist/tex/latex/listings/listings.sty
\lst@mode=\count180
\lst@gtempboxa=\box32
\lst@token=\toks48
\lst@length=\count181
\lst@currlwidth=\dimen171
\lst@column=\count182
\lst@pos=\count183
\lst@lostspace=\dimen172
\lst@width=\dimen173
\lst@newlines=\count184
\lst@lineno=\count185
\lst@maxwidth=\dimen174

(/usr/local/texlive/2010/texmf-dist/tex/latex/listings/lstmisc.sty
File: lstmisc.sty 2007/02/22 1.4 (Carsten Heinz)
\c@lstnumber=\count186
\lst@skipnumbers=\count187
\lst@framebox=\box33
)
(/usr/local/texlive/2010/texmf-dist/tex/latex/listings/listings.cfg
File: listings.cfg 2007/02/22 1.4 listings configuration
))
Package: listings 2007/02/22 1.4 (Carsten Heinz)

(/usr/local/texlive/2010/texmf-dist/tex/latex/caption/caption.sty
Package: caption 2010/01/09 v3.1m Customizing captions (AR)

(/usr/local/texlive/2010/texmf-dist/tex/latex/caption/caption3.sty
Package: caption3 2010/01/14 v3.1m caption3 kernel (AR)
\captionmargin=\dimen175
\captionmargin@=\dimen176
\captionwidth=\dimen177
\caption@indent=\dimen178
\caption@parindent=\dimen179
\caption@hangindent=\dimen180
Package caption Info: Unknown document class (or package),
(caption)             standard defaults will be used on input line 1084.
)

Package caption Warning: Unsupported document class (or package) detected,
(caption)                usage of the caption package is not recommended.
See the caption package documentation for explanation.

Package caption Info: \@makecaption = \long macro:#1#2->\vskip \abovecaptionski
p \parbox {\hsize }{\small \centering #1\ \ #2}\vskip \belowcaptionskip .
\c@ContinuedFloat=\count188
Package caption Info: hyperref package is loaded.
Package caption Info: listings package is loaded.
) (../boilerplate/netrexxformat.tex
(/usr/local/texlive/2010/texmf-dist/tex/latex/listings/lstlang1.sty
File: lstlang1.sty 2004/09/05 1.3 listings language file
)
(/usr/local/texlive/2010/texmf-dist/tex/latex/listings/lstlang1.sty
File: lstlang1.sty 2004/09/05 1.3 listings language file
)
(/usr/local/texlive/2010/texmf-dist/tex/latex/listings/lstlang2.sty
File: lstlang2.sty 2004/09/05 1.3 listings language file
))
(../boilerplate/rail.sty

LaTeX Warning: You have requested package `../boilerplate/rail',
               but the package provides `rail'.

Package: rail 1998/05/19
\railunit=\skip67
\railextra=\skip68
\railboxheight=\skip69
\railboxskip=\skip70
\railboxleft=\skip71
\railboxright=\skip72
\railovalspace=\skip73
\railframespace=\skip74
\railtextleft=\skip75
\railtextright=\skip76
\railtextup=\skip77
\railjoinsize=\skip78
\railjoinadjust=\skip79
\railnamesep=\skip80
\rail@extra=\count189
\rail@boxht=\count190
\rail@boxsp=\count191
\rail@boxlf=\count192
\rail@boxrt=\count193
\rail@boxhht=\count194
\rail@ovalsp=\count195
\rail@framesp=\count196
\rail@textlf=\count197
\rail@textrt=\count198
\rail@textup=\count199
\rail@joinsz=\count200
\rail@joinhsz=\count201
\rail@joinadj=\count202
\rail@reserved=\toks49
\rail@nr=\count203
\rail@x=\count204
\rail@y=\count205
\rail@ex=\count206
\rail@sx=\count207
\rail@rx=\count208
\rail@tmpa=\count209
\rail@tmpb=\count210
\rail@tmpc=\count211
\rail@box=\box34
\rail@jx=\count212
\rail@jy=\count213
\rail@gx=\count214
\rail@gy=\count215
\rail@gex=\count216
\rail@grx=\count217
\rail@sy=\count218
\rail@mx=\count219
)
\@indexfile=\write4
\openout4 = `njpipes.idx'.


Writing index file njpipes.idx
(./njpipes.aux (./appendixa.aux))
\openout1 = `njpipes.aux'.

LaTeX Font Info:    Checking defaults for OML/cmm/m/it on input line 39.
LaTeX Font Info:    ... okay on input line 39.
LaTeX Font Info:    Checking defaults for T1/cmr/m/n on input line 39.
LaTeX Font Info:    ... okay on input line 39.
LaTeX Font Info:    Checking defaults for OT1/cmr/m/n on input line 39.
LaTeX Font Info:    ... okay on input line 39.
LaTeX Font Info:    Checking defaults for OMS/cmsy/m/n on input line 39.
LaTeX Font Info:    ... okay on input line 39.
LaTeX Font Info:    Checking defaults for OMX/cmex/m/n on input line 39.
LaTeX Font Info:    ... okay on input line 39.
LaTeX Font Info:    Checking defaults for U/cmr/m/n on input line 39.
LaTeX Font Info:    ... okay on input line 39.
LaTeX Font Info:    Checking defaults for PD1/pdf/m/n on input line 39.
LaTeX Font Info:    ... okay on input line 39.
LaTeX Font Info:    Checking defaults for PU/pdf/m/n on input line 39.
LaTeX Font Info:    ... okay on input line 39.
LaTeX Font Info:    Checking defaults for EU1/lmr/m/n on input line 39.
LaTeX Font Info:    ... okay on input line 39.
\AtBeginShipoutBox=\box35
Package hyperref Info: Link coloring OFF on input line 39.

(/usr/local/texlive/2010/texmf-dist/tex/latex/hyperref/nameref.sty
Package: nameref 2010/04/30 v2.40 Cross-referencing by name of section

(/usr/local/texlive/2010/texmf-dist/tex/latex/oberdiek/refcount.sty
Package: refcount 2008/08/11 v3.1 Data extraction from references (HO)
)
(/usr/local/texlive/2010/texmf-dist/tex/generic/oberdiek/gettitlestring.sty
Package: gettitlestring 2009/12/18 v1.3 Cleanup title references (HO)
)
\c@section@level=\count220
)
LaTeX Info: Redefining \ref on input line 39.
LaTeX Info: Redefining \pageref on input line 39.
LaTeX Info: Redefining \nameref on input line 39.

(./njpipes.out) (./njpipes.out)
\@outlinefile=\write5
\openout5 = `njpipes.out'.

 fontspec Info: Adjusting the maths setup (use [no-math] to avoid this).

\symlegacymaths=\mathgroup4
LaTeX Font Info:    Overwriting symbol font `legacymaths' in version `bold'
(Font)                  OT1/cmr/m/n --> OT1/cmr/bx/n on input line 39.
LaTeX Font Info:    Redeclaring math accent \acute on input line 39.
LaTeX Font Info:    Redeclaring math accent \grave on input line 39.
LaTeX Font Info:    Redeclaring math accent \ddot on input line 39.
LaTeX Font Info:    Redeclaring math accent \tilde on input line 39.
LaTeX Font Info:    Redeclaring math accent \bar on input line 39.
LaTeX Font Info:    Redeclaring math accent \breve on input line 39.
LaTeX Font Info:    Redeclaring math accent \check on input line 39.
LaTeX Font Info:    Redeclaring math accent \hat on input line 39.
LaTeX Font Info:    Redeclaring math accent \dot on input line 39.
LaTeX Font Info:    Redeclaring math accent \mathring on input line 39.
LaTeX Font Info:    Redeclaring math symbol \colon on input line 39.
LaTeX Font Info:    Redeclaring math symbol \Gamma on input line 39.
LaTeX Font Info:    Redeclaring math symbol \Delta on input line 39.
LaTeX Font Info:    Redeclaring math symbol \Theta on input line 39.
LaTeX Font Info:    Redeclaring math symbol \Lambda on input line 39.
LaTeX Font Info:    Redeclaring math symbol \Xi on input line 39.
LaTeX Font Info:    Redeclaring math symbol \Pi on input line 39.
LaTeX Font Info:    Redeclaring math symbol \Sigma on input line 39.
LaTeX Font Info:    Redeclaring math symbol \Upsilon on input line 39.
LaTeX Font Info:    Redeclaring math symbol \Phi on input line 39.
LaTeX Font Info:    Redeclaring math symbol \Psi on input line 39.
LaTeX Font Info:    Redeclaring math symbol \Omega on input line 39.
LaTeX Font Info:    Redeclaring math symbol \mathdollar on input line 39.
LaTeX Font Info:    Redeclaring symbol font `operators' on input line 39.
LaTeX Font Info:    Encoding `OT1' has changed to `EU1' for symbol font
(Font)              `operators' in the math version `normal' on input line 39.
LaTeX Font Info:    Overwriting symbol font `operators' in version `normal'
(Font)                  OT1/cmr/m/n --> EU1/TimesNewRoman(0)/m/n on input line 
39.
LaTeX Font Info:    Encoding `OT1' has changed to `EU1' for symbol font
(Font)              `operators' in the math version `bold' on input line 39.
LaTeX Font Info:    Overwriting symbol font `operators' in version `bold'
(Font)                  OT1/cmr/bx/n --> EU1/TimesNewRoman(0)/m/n on input line
 39.
LaTeX Font Info:    Overwriting symbol font `operators' in version `normal'
(Font)                  EU1/TimesNewRoman(0)/m/n --> EU1/TimesNewRoman(0)/m/n o
n input line 39.
LaTeX Font Info:    Overwriting math alphabet `\mathrm' in version `normal'
(Font)                  EU1/TimesNewRoman(0)/m/n --> EU1/TimesNewRoman(0)/m/n o
n input line 39.
LaTeX Font Info:    Overwriting math alphabet `\mathit' in version `normal'
(Font)                  OT1/cmr/m/it --> EU1/TimesNewRoman(0)/m/it on input lin
e 39.
LaTeX Font Info:    Overwriting math alphabet `\mathbf' in version `normal'
(Font)                  OT1/cmr/bx/n --> EU1/TimesNewRoman(0)/bx/n on input lin
e 39.
LaTeX Font Info:    Overwriting math alphabet `\mathsf' in version `normal'
(Font)                  OT1/cmss/m/n --> EU1/lmss/m/n on input line 39.
LaTeX Font Info:    Overwriting math alphabet `\mathtt' in version `normal'
(Font)                  OT1/cmtt/m/n --> EU1/lmtt/m/n on input line 39.
LaTeX Font Info:    Overwriting symbol font `operators' in version `bold'
(Font)                  EU1/TimesNewRoman(0)/m/n --> EU1/TimesNewRoman(0)/bx/n 
on input line 39.
LaTeX Font Info:    Overwriting math alphabet `\mathrm' in version `bold'
(Font)                  EU1/TimesNewRoman(0)/m/n --> EU1/TimesNewRoman(0)/bx/n 
on input line 39.
LaTeX Font Info:    Overwriting math alphabet `\mathit' in version `bold'
(Font)                  OT1/cmr/bx/it --> EU1/TimesNewRoman(0)/bx/it on input l
ine 39.
LaTeX Font Info:    Overwriting math alphabet `\mathsf' in version `bold'
(Font)                  OT1/cmss/bx/n --> EU1/lmss/bx/n on input line 39.
LaTeX Font Info:    Overwriting math alphabet `\mathtt' in version `bold'
(Font)                  OT1/cmtt/m/n --> EU1/lmtt/bx/n on input line 39.
\c@lstlisting=\count221
Package caption Info: Begin \AtBeginDocument code.
Package caption Info: End \AtBeginDocument code.
LaTeX Font Info:    External font `cmex10' loaded for size
(Font)              <14.4> on input line 46.
LaTeX Font Info:    External font `cmex10' loaded for size
(Font)              <7> on input line 46.
LaTeX Font Info:    External font `cmex10' loaded for size
(Font)              <5> on input line 46.

(/usr/local/texlive/2010/texmf-dist/tex/generic/oberdiek/se-ascii-print.def
File: se-ascii-print.def 2010/03/01 v1.8 stringenc: Printable ASCII characters
)
[1


]
\rexx@copyrightBox=\box36
LaTeX Font Info:    Try loading font information for OMS+TimesNewRoman(0) on in
put line 46.
LaTeX Font Info:    No file OMSTimesNewRoman(0).fd. on input line 46.
LaTeX Font Info:    Font shape `OMS/TimesNewRoman(0)/m/n' undefined
(Font)              using `OMS/cmsy/m/n' instead on input line 46.
\rexx@copyrightHeight=\skip81
 [1

] (./njpipes.toc)
\tf@toc=\write6
\openout6 = `njpipes.toc'.

 [3

] (../boilerplate/series.tex)
(../boilerplate/conventions.tex
Underfull \hbox (badness 10000) in paragraph at lines 2--1

 []


Underfull \hbox (badness 10000) in paragraph at lines 2--1

 []


Underfull \hbox (badness 10000) in paragraph at lines 2--1

 []

[1


]
Warning: \Huger is more than \Huge.
Warning: \Huger is more than \Huge.
Warning: \Huger is more than \Huge.
LaTeX Font Info:    Try loading font information for EU1+lmtt on input line 6.
(/usr/local/texlive/2010/texmf-dist/tex/latex/euenc/eu1lmtt.fd
File: eu1lmtt.fd 2009/10/30 v1.6 Font defs for Latin Modern
)
Warning: \Huger is more than \Huge.
Warning: \Huger is more than \Huge.
Package hyperref Info: bookmark level for unknown lstlisting defaults to 0 on i
nput line 9.

Overfull \hbox (6.0pt too wide) in paragraph at lines 9--9
[][][][][][][] 
 []


Overfull \hbox (12.0pt too wide) in paragraph at lines 9--9
[] []
 []


Underfull \hbox (badness 10000) in paragraph at lines 9--9

 []

LaTeX Font Info:    External font `cmex10' loaded for size
(Font)              <9> on input line 10.
Warning: \Huger is more than \Huge.
(./njpipes.rao)
\tf@rai=\write7
\openout7 = `njpipes.rai'.

) [3

]
Chapter 1.
[1


]
Chapter 2.
[3

]
Chapter 3.
[5

]
Chapter 4.
[7

]
LaTeX Font Info:    Try loading font information for OML+TimesNewRoman(0) on in
put line 149.
LaTeX Font Info:    No file OMLTimesNewRoman(0).fd. on input line 149.
LaTeX Font Info:    Font shape `OML/TimesNewRoman(0)/m/n' undefined
(Font)              using `OML/cmm/m/it' instead
(Font)              for symbol `textless' on input line 149.
 [8] [9]
Chapter 5.

Overfull \hbox (10.8674pt too wide) in paragraph at lines 255--255
[] []    \EU1/lmtt/m/n/12 [D:\njpipes]java njp (deadlock) literal test ! a: fan
in ! console ! a:[] 
 []

[11

] [12]
Chapter 6.
[13

]
Chapter 7.
[15

]
\openout2 = `appendixa.aux'.

 (./appendixa.tex
Chapter 8.

Overfull \hbox (33.52736pt too wide) in paragraph at lines 334--334
[]         \EU1/lmtt/m/n/12 - Fixed a stall occurring when interrupted threads,
 with the interrupt[] 
 []


Overfull \hbox (8.80737pt too wide) in paragraph at lines 334--334
[]         \EU1/lmtt/m/n/12 - Improved the timeout options in TCPDATA and TCPCL
IENT, they also[] 
 []


Overfull \hbox (8.80739pt too wide) in paragraph at lines 334--334
[]           \EU1/lmtt/m/n/12 byte[] instead of strings.  This was done since c
onverting to and[] 
 []


Overfull \hbox (0.56738pt too wide) in paragraph at lines 334--334
[]         \EU1/lmtt/m/n/12 - Changed DELBLOCK it now handles byte[] to help ke
ep tcpdata and[] 
 []


Overfull \hbox (25.28737pt too wide) in paragraph at lines 334--334
[]         \EU1/lmtt/m/n/12 - Changed DISKR, DISKW and DISKA to handle byte[] w
hen using streams.[] 
 []


Overfull \hbox (17.04738pt too wide) in paragraph at lines 334--334
[]         \EU1/lmtt/m/n/12 - Added INSERT which handles byte[].  This should b
e used instead of[] 
 []


Overfull \hbox (39.70738pt too wide) in paragraph at lines 334--334
[]         \EU1/lmtt/m/n/12 - Added preliminary support added to .njp compiler 
for files containing[] 
 []


Overfull \hbox (33.52737pt too wide) in paragraph at lines 334--334
[]           \EU1/lmtt/m/n/12 java source!  See the (some what messy) java samp
les in vectort1.njp,[] 
 []


Overfull \hbox (29.40738pt too wide) in paragraph at lines 334--334
[]         \EU1/lmtt/m/n/12 - Added code to generate a dummy .nrx file containi
ng the public class[] 
 []


Overfull \hbox (29.40736pt too wide) in paragraph at lines 334--334
[]           \EU1/lmtt/m/n/12 in a .java file.  This allows NetRexx to compile 
class that depend on[] 
 []


Overfull \hbox (2.62737pt too wide) in paragraph at lines 334--334
[]         \EU1/lmtt/m/n/12 - Added the reuse() method to the stage class.  To 
use it override[] 
 []


Overfull \hbox (19.10738pt too wide) in paragraph at lines 334--334
[]           \EU1/lmtt/m/n/12 reset a stage when its pipe object is reused.  (d
oSetup is intended[] 
 []


Overfull \hbox (8.8074pt too wide) in paragraph at lines 334--334
[]         \EU1/lmtt/m/n/12 - fixed return code logic in some stages and in sel
ectInput/Output[] 
 []


Underfull \vbox (badness 10000) has occurred while \output is active []

 [17


]
Overfull \hbox (14.98738pt too wide) in paragraph at lines 334--334
[]           \EU1/lmtt/m/n/12 The hash stages mostly map directly to DICT stage
s.  The exception[] 
 []


Overfull \hbox (25.28738pt too wide) in paragraph at lines 334--334
[]         \EU1/lmtt/m/n/12 - Modified pipe package to store arguements in a ha
shtable instead of[] 
 []


Overfull \hbox (21.16734pt too wide) in paragraph at lines 334--334
[]           \EU1/lmtt/m/n/12 a rexx stem - arguements can now be of any class.
  Use the arg(null)[] 
 []


Overfull \hbox (10.86739pt too wide) in paragraph at lines 334--334
[]         \EU1/lmtt/m/n/12 - TCPLISTEN now supports an input stream to be used
 to pace accepts[] 
 []


Overfull \hbox (19.10736pt too wide) in paragraph at lines 334--334
[]         \EU1/lmtt/m/n/12 - COMMAND, CHANGE, FILE, LOCATE, DROP, LOOKUP, TCPC
LIENT, TCPLISTEN[] 
 []


Overfull \hbox (19.10738pt too wide) in paragraph at lines 334--334
[]         \EU1/lmtt/m/n/12 - Jeff improved the testing process with the additi
on of the COMPARE[] 
 []


Overfull \hbox (14.98737pt too wide) in paragraph at lines 334--334
[]         \EU1/lmtt/m/n/12 - Added the buildtests pipe, it builds a test scrip
t to be run with:[] 
 []


Overfull \hbox (19.10736pt too wide) in paragraph at lines 334--334
[]         \EU1/lmtt/m/n/12 - Made to and from synonoms for in and out in REXX 
and STRING stages.[] 
 []


Overfull \hbox (19.09537pt too wide) in paragraph at lines 334--334
[]         \EU1/lmtt/m/n/12 - interrupting a pipe now kills it - use this with 
care (ie. kill -9)[] 
 []


Overfull \hbox (14.98737pt too wide) in paragraph at lines 334--334
[]         \EU1/lmtt/m/n/12 - Pseudo methods njpRC() and njpObject() are reconi
zed by the pipes[] 
 []


Underfull \vbox (badness 10000) has occurred while \output is active []

 [18]
Overfull \hbox (6.74739pt too wide) in paragraph at lines 334--334
[]         \EU1/lmtt/m/n/12 - Added stage templates (template*.nrx) in the njpi
pes directory.[] 
 []


Overfull \hbox (31.46736pt too wide) in paragraph at lines 334--334
[]         \EU1/lmtt/m/n/12 * A recompile of pipes using REXX, STRING, ZONE, CA
SEI is recommended.[] 
 []


Overfull \hbox (14.9874pt too wide) in paragraph at lines 334--334
[]         \EU1/lmtt/m/n/12 - Updated the comments in _stage to reflect the pos
sible StageError[] 
 []


Overfull \hbox (2.62735pt too wide) in paragraph at lines 334--334
[]         \EU1/lmtt/m/n/12 - Added the DEBLOCK stage and reworked TCPDATA, TCP
CLIENT & GATE.[] 
 []


Overfull \hbox (21.16737pt too wide) in paragraph at lines 334--334
[]         \EU1/lmtt/m/n/12 - Improved eofReport processing and added a new opt
ion 'either' that[] 
 []


Overfull \hbox (23.22737pt too wide) in paragraph at lines 334--334
[]           \EU1/lmtt/m/n/12 will trigger a StageError when any stream, input 
or output, severs.[] 
 []


Overfull \hbox (21.16739pt too wide) in paragraph at lines 334--334
[]         \EU1/lmtt/m/n/12 - Fixed variable subsitution so multiple variables 
passed to a stage[] 
 []


Overfull \hbox (19.10739pt too wide) in paragraph at lines 334--334
[]         \EU1/lmtt/m/n/12 - Added the ability to pass thru arguements to call
pipe and addpipe.[] 
 []


Overfull \hbox (29.4074pt too wide) in paragraph at lines 334--334
[]         \EU1/lmtt/m/n/12 - Fixed a problem with some StageExits requiring st
age_reset methods.[] 
 []


Overfull \hbox (4.68738pt too wide) in paragraph at lines 334--334
[]         \EU1/lmtt/m/n/12 - Added a function to utils to help assign smarter 
name to classes[] 
 []


Overfull \hbox (8.8074pt too wide) in paragraph at lines 334--334
[]         \EU1/lmtt/m/n/12 - made it possible to optimized stage startup time 
when arguements[] 
 []


Overfull \hbox (6.74738pt too wide) in paragraph at lines 334--334
[]         \EU1/lmtt/m/n/12 - OBJ2REXX is depreciated and will be removed, use 
the REXX stage.[] 
 []


Overfull \hbox (31.46738pt too wide) in paragraph at lines 334--334
[]         \EU1/lmtt/m/n/12 - added REXX and STRING stages to convert objects e
ntering and leaving[] 
 []


Overfull \hbox (19.10735pt too wide) in paragraph at lines 334--334
[]           \EU1/lmtt/m/n/12 a stage to rexx or string.  Inorder to avoid nast
y class conflicts,[] 
 []


Overfull \hbox (14.98737pt too wide) in paragraph at lines 334--334
[]           \EU1/lmtt/m/n/12 REXX and STRING are implemented in _rexx and _str
ing.  The compler[] 
 []


Overfull \hbox (25.28738pt too wide) in paragraph at lines 334--334
[]         \EU1/lmtt/m/n/12 - fixed an intermitant stall in callpipe (was compl
eting too fast :-)[] 
 []


Overfull \hbox (2.62738pt too wide) in paragraph at lines 334--334
[]         \EU1/lmtt/m/n/12 - optimized pipe startup time in pipe.class and via
 the compiler.[] 
 []


Overfull \hbox (2.62738pt too wide) in paragraph at lines 334--334
[]         \EU1/lmtt/m/n/12 - WAIT_COMMIT and WAIT_ANY are now used in the call
/addpipe logic[] 
 []


Underfull \vbox (badness 10000) has occurred while \output is active []

 [19]
Overfull \hbox (45.8874pt too wide) in paragraph at lines 334--334
[]         \EU1/lmtt/m/n/12 - compiler fix to proprogate return codes from stag
eExits (thanks Jeff).[] 
 []


Overfull \hbox (6.74738pt too wide) in paragraph at lines 334--334
[]         \EU1/lmtt/m/n/12 - SORTs in different pipes could corrupt each other
.  Thanks René‚[] 
 []


Overfull \hbox (0.56737pt too wide) in paragraph at lines 334--334
[]         \EU1/lmtt/m/n/12 - removed a protected method from dump(), added arg
() to the dump[] 
 []


Overfull \hbox (23.22739pt too wide) in paragraph at lines 334--334
[]         \EU1/lmtt/m/n/12 - upgraded SORT, sortRexx to exploit IRange and sta
geExit, optimized[] 
 []


Overfull \hbox (2.62741pt too wide) in paragraph at lines 334--334
[]         \EU1/lmtt/m/n/12 - multiple sort stages no longer try to share stati
c variables...[] 
 []


Overfull \hbox (23.22739pt too wide) in paragraph at lines 334--334
[]         \EU1/lmtt/m/n/12 - the compiler just uses the stage name (not args) 
when naming stages[] 
 []


Overfull \hbox (6.74736pt too wide) in paragraph at lines 334--334
[]         \EU1/lmtt/m/n/12 - The compiler was not calling stageExit in the cor
rect order when[] 
 []


Overfull \hbox (2.62738pt too wide) in paragraph at lines 334--334
[]           \EU1/lmtt/m/n/12 several calls were needed to build the stage.  (z
one w1 nfind..)[] 
 []


Overfull \hbox (12.92737pt too wide) in paragraph at lines 334--334
[]         \EU1/lmtt/m/n/12 - Jeff Hennick pointed out a bugglet that effected 
LOOKUP, ZONE and[] 
 []


Overfull \hbox (8.80736pt too wide) in paragraph at lines 334--334
[]           \EU1/lmtt/m/n/12 PICK that could occur with complex ranges, I foun
d another bug in[] 
 []


Overfull \hbox (31.46738pt too wide) in paragraph at lines 334--334
[]         \EU1/lmtt/m/n/12 - Jeff Hennick updated this doc with information on
 IRange and DString[] 
 []


Overfull \hbox (2.62735pt too wide) in paragraph at lines 334--334
[]         \EU1/lmtt/m/n/12 * A recompile of ALL pipes using ZONE, TCPCLIENT, T
CPDATA, PREFIX[] 
 []


Underfull \vbox (badness 10000) has occurred while \output is active []

 [20]
Overfull \hbox (21.16737pt too wide) in paragraph at lines 334--334
[]         \EU1/lmtt/m/n/12 - improved command stage, threads used to process s
tdout and stderr.[] 
 []


Overfull \hbox (6.74736pt too wide) in paragraph at lines 334--334
[]           \EU1/lmtt/m/n/12 added zone, pad, lookup, pick, upgraded juxtapose
, fixed bugs in[] 
 []


Overfull \hbox (19.10736pt too wide) in paragraph at lines 334--334
[]         \EU1/lmtt/m/n/12 - added rexxArg() and stageArg() methods to utils.n
rx for use by the[] 
 []


Overfull \hbox (19.10739pt too wide) in paragraph at lines 334--334
[]\EU1/lmtt/m/n/12 $          compiler to query stages about what they expect t
heir arguments to[] 
 []


Overfull \hbox (23.22739pt too wide) in paragraph at lines 334--334
[]\EU1/lmtt/m/n/12 $        - locate now handles null arguments correctly.  lit
erals now include[] 
 []


Overfull \hbox (23.22739pt too wide) in paragraph at lines 334--334
[]         \EU1/lmtt/m/n/12 - logic modified to stop output() from getting an E
OF when the output[] 
 []


Overfull \hbox (6.74738pt too wide) in paragraph at lines 334--334
[]           \EU1/lmtt/m/n/12 object has been peeked.  The peek status is also 
displayed by the[] 
 []


Overfull \hbox (6.74734pt too wide) in paragraph at lines 334--334
[]         \EU1/lmtt/m/n/12 - minor specs bug fixes (next.n and nextw.n output 
specs now work)[] 
 []


Overfull \hbox (23.22742pt too wide) in paragraph at lines 334--334
[]         \EU1/lmtt/m/n/12 - modified the compiler to invoke stageExit(rexx,re
xx) method.  This[] 
 []


Overfull \hbox (27.3474pt too wide) in paragraph at lines 334--334
[]           \EU1/lmtt/m/n/12 allows stages to generate code and/or change the 
pipe topology.  See[] 
 []


Overfull \hbox (6.74738pt too wide) in paragraph at lines 334--334
[]           \EU1/lmtt/m/n/12 specs, append, prefix, change and xnop, in the st
ages directory.[] 
 []


Overfull \hbox (10.86737pt too wide) in paragraph at lines 334--334
[]         \EU1/lmtt/m/n/12 - removed the Range class - Jeff's code is better a
nd anything that[] 
 []


Overfull \hbox (4.68741pt too wide) in paragraph at lines 334--334
[]         \EU1/lmtt/m/n/12 - improved eofReport(ANY) logic to trigger when wai
ting on output[] 
 []


Underfull \vbox (badness 10000) has occurred while \output is active []

 [21]
Overfull \hbox (21.16737pt too wide) in paragraph at lines 334--334
[]         \EU1/lmtt/m/n/12 - Jeff Hennick updated many stages to work at CMS o
r near CMS levels.[] 
 []


Overfull \hbox (8.80737pt too wide) in paragraph at lines 334--334
[]           \EU1/lmtt/m/n/12 All of Jeff's changes are GNUed.  See CopyLeft.tx
t in the njpipes[] 
 []


Overfull \hbox (2.6274pt too wide) in paragraph at lines 334--334
[]         \EU1/lmtt/m/n/12 - Added setJITCache(Hashtable) method to pipes.  Th
is can be used[] 
 []


Overfull \hbox (19.10738pt too wide) in paragraph at lines 334--334
[]           \EU1/lmtt/m/n/12 to build a global object cache in programs callin
g pipes.  The name[] 
 []


Overfull \hbox (0.56738pt too wide) in paragraph at lines 334--334
[]           \EU1/lmtt/m/n/12 of the Hasttable is passed to pipe/callpipe/addpi
pe via a cache[] 
 []


Overfull \hbox (19.10738pt too wide) in paragraph at lines 334--334
[]         \EU1/lmtt/m/n/12 - Enhanced parsing in specs (word2.1 would work, wo
rd 2.1 would not)[] 
 []


Overfull \hbox (14.98737pt too wide) in paragraph at lines 334--334
[]         \EU1/lmtt/m/n/12 - Fixed a compiler problem that would hit multistre
amed pipes using[] 
 []


Overfull \hbox (10.8674pt too wide) in paragraph at lines 334--334
[]         \EU1/lmtt/m/n/12 - Fixed shortStreams() so it works correctly when s
horting streams[] 
 []


Overfull \hbox (27.3474pt too wide) in paragraph at lines 334--334
[]         \EU1/lmtt/m/n/12 - modified filternjp to accept *in and *out without
 additional labels[] 
 []


Overfull \hbox (14.98735pt too wide) in paragraph at lines 334--334
[]         \EU1/lmtt/m/n/12 - added gate, dam, tokenize, juxtapose and courtesy
 of Chuck Moore,[] 
 []


Overfull \hbox (12.9274pt too wide) in paragraph at lines 334--334
[]         \EU1/lmtt/m/n/12 - Automated the generation of in/outStream calls.  
For this to work[] 
 []


Overfull \hbox (8.80736pt too wide) in paragraph at lines 334--334
[]           \EU1/lmtt/m/n/12 the labels need to be of the form *in0: or *out0:
 where the '0' is[] 
 []


Underfull \vbox (badness 10000) has occurred while \output is active []

 [22]
Overfull \hbox (21.16737pt too wide) in paragraph at lines 334--334
[]         \EU1/lmtt/m/n/12 - Tighted range checking code in specs, fixed probl
em with delimited[] 
 []


Overfull \hbox (10.86736pt too wide) in paragraph at lines 334--334
[]         \EU1/lmtt/m/n/12 - Fixed a problem where severing an output stream d
id not cause the[] 
 []


Overfull \hbox (10.86734pt too wide) in paragraph at lines 334--334
[]         \EU1/lmtt/m/n/12 - Fixed a problem where the stage issuing a callpip
e was not seeing[] 
 []


Overfull \hbox (25.2874pt too wide) in paragraph at lines 334--334
[]         \EU1/lmtt/m/n/12 - Fixed problems with callpipe servering several ou
tputs, unstacking[] 
 []


Overfull \hbox (4.68738pt too wide) in paragraph at lines 334--334
[]         \EU1/lmtt/m/n/12 - Now keep a referenced object for each pipe/stage 
so the JIT does[] 
 []


Overfull \hbox (14.98735pt too wide) in paragraph at lines 334--334
[]         \EU1/lmtt/m/n/12 - Added the specs stage.  The compiler builds a sta
ge to process the[] 
 []


Overfull \hbox (29.40742pt too wide) in paragraph at lines 334--334
[]   \EU1/lmtt/m/n/12 0.25  - Optimized some stages using jinsight from www.alp
haworks.ibm.com.[] 
 []


Overfull \hbox (17.04738pt too wide) in paragraph at lines 334--334
[]         \EU1/lmtt/m/n/12 - modified the compiler so the syntax of pipes from
 the command line[] 
 []


Underfull \vbox (badness 10000) has occurred while \output is active []

 [23]
Overfull \hbox (4.68736pt too wide) in paragraph at lines 334--334
[]         \EU1/lmtt/m/n/12 - fixed compiler not to call netrexx if one of its 
pipes deadlocks[] 
 []


Overfull \hbox (4.68741pt too wide) in paragraph at lines 334--334
[]   \EU1/lmtt/m/n/12 0.20  - Upgraded to May version of the NetRexx compiler (
Thanks Mike!)[] 
 []


Overfull \hbox (6.74738pt too wide) in paragraph at lines 334--334
[]         \EU1/lmtt/m/n/12 - modified the compiler class to use the May 10th N
etRexx compiler[] 
 []

) [24] (./njpipes.lof)
\tf@lof=\write8
\openout8 = `njpipes.lof'.

 [25



] (./njpipes.lot)
\tf@lot=\write9
\openout9 = `njpipes.lot'.

 (./njpipes.ind) [27

] (./njpipes.aux (./appendixa.aux))
LaTeX Font Info:    Some font shapes were not available, defaults substituted.
 ) 
Here is how much of TeX's memory you used:
 18042 strings out of 494542
 292603 string characters out of 3157455
 478036 words of memory out of 3000000
 20941 multiletter control sequences out of 15000+200000
 9818 words of font info for 62 fonts, out of 3000000 for 9000
 673 hyphenation exceptions out of 8191
 53i,10n,92p,550b,1193s stack positions out of 5000i,500n,10000p,200000b,50000s

Output written on njpipes.pdf (25 pages).
