NetRexx portable processor, version 2.01
Copyright (c) IBM Corporation, 2001.  All rights reserved.
Program DiagSay.nrx
  === class COM.ibm.netrexx.diag.DiagSay ===
    constructor DiagSay()
      overrides Object()
    function main(String[])
===== Exec: DiagSay =====
NetRexx 2.01 1 Apr 2001 / Java method DiagSay.nrx

DiagSay: OK ! Say
Processing of 'DiagSay.nrx' complete
Translate time: 1.4s
Interpret time: 0.1s
    Total time: 1.5s
---------------------- 
NetRexx portable processor, version 2.01
Copyright (c) IBM Corporation, 2001.  All rights reserved.
Program DiagConcat.nrx
  === class COM.ibm.netrexx.diag.DiagConcat ===
    constructor DiagConcat()
      overrides Object()
    method minx
    function main(String[])
===== Exec: DiagConcat =====
NetRexx 2.01 1 Apr 2001 / Java method DiagConcat.nrx
DiagConcat: OK ! <blank> ! || ! <abuttal> ! <compound> ! <char-char>
Processing of 'DiagConcat.nrx' complete
Translate time: 1.5s
Interpret time: 0.1s
    Total time: 1.6s
---------------------- 
NetRexx portable processor, version 2.01
Copyright (c) IBM Corporation, 2001.  All rights reserved.
Program DiagIf.nrx
  === class COM.ibm.netrexx.diag.DiagIf ===
    constructor DiagIf()
      overrides Object()
    function main(String[])
===== Exec: DiagIf =====
NetRexx 2.01 1 Apr 2001 / Java method DiagIf.nrx
DiagIf: OK ! If Then ! If Else ! If ..;Then ! If Multi ! If Nested ! Then
Processing of 'DiagIf.nrx' complete
Translate time: 1.6s
Interpret time: 0.2s
    Total time: 1.8s
---------------------- 
NetRexx portable processor, version 2.01
Copyright (c) IBM Corporation, 2001.  All rights reserved.
Program DiagStems.nrx
  === class COM.ibm.netrexx.diag.DiagStems ===
    constructor DiagStems()
      overrides Object()
    function main(String[])
===== Exec: DiagStems =====
NetRexx 2.01 1 Apr 2001 / Java method DiagStems.nrx
DiagStems: OK ! Stems 1 ! Stem init ! Indexed Vars
Processing of 'DiagStems.nrx' complete
Translate time: 1.6s
Interpret time: 0.2s
    Total time: 1.8s
---------------------- 
NetRexx portable processor, version 2.01
Copyright (c) IBM Corporation, 2001.  All rights reserved.
Program DiagArrays.nrx
  === class COM.ibm.netrexx.diag.DiagArrays ===
    constructor DiagArrays()
      overrides Object()
    method multi(String[],int[,])
    function main(String[])
===== Exec: DiagArrays =====
NetRexx 2.01 1 Apr 2001 / Java method DiagArrays.nrx
DiagArrays: OK ! Arrays
Processing of 'DiagArrays.nrx' complete
Translate time: 1.9s
Interpret time: 0.4s
    Total time: 2.3s
---------------------- 
NetRexx portable processor, version 2.01
Copyright (c) IBM Corporation, 2001.  All rights reserved.
Program DiagLoop.nrx
  === class COM.ibm.netrexx.diag.DiagLoop ===
    constructor DiagLoop()
      overrides Object()
    function main(String[])
===== Exec: DiagLoop =====
NetRexx 2.01 1 Apr 2001 / Java method DiagLoop.nrx
DiagLoop: OK ! Explicit Loop ! Loop While ! Loop Until
DiagLoop: OK ! Loop I=nn.. ! Loop j=1 to j ! Leave/Iterate
DiagLoop: OK ! Loop over [Dictionary] ! Loop over [Rexx]
Processing of 'DiagLoop.nrx' complete
Translate time: 2.2s
Interpret time: 0.3s
    Total time: 2.5s
---------------------- 
NetRexx portable processor, version 2.01
Copyright (c) IBM Corporation, 2001.  All rights reserved.
Program DiagSelect.nrx
  === class COM.ibm.netrexx.diag.DiagSelect ===
    constructor DiagSelect()
      overrides Object()
    function main(String[])
===== Exec: DiagSelect =====
NetRexx 2.01 1 Apr 2001 / Java method DiagSelect.nrx
DiagSelect: OK ! When ! Otherwise ! nested Select ! Select Case
Processing of 'DiagSelect.nrx' complete
Translate time: 2.3s
Interpret time: 0.2s
    Total time: 2.5s
---------------------- 
NetRexx portable processor, version 2.01
Copyright (c) IBM Corporation, 2001.  All rights reserved.
Program DiagExpression.nrx
  === class COM.ibm.netrexx.diag.DiagExpression ===
    constructor DiagExpression()
      overrides Object()
    function main(String[])

  === class COM.ibm.netrexx.diag.DiagExpression2 ===
    constructor DiagExpression2()
      overrides IOException()

  === class COM.ibm.netrexx.diag.DiagExpression3 ===
    constructor DiagExpression3(String)
      overrides Rexx(String)
===== Exec: DiagExpression =====
NetRexx 2.01 1 Apr 2001 / Java method DiagExpression.nrx
DiagExpression: OK ! \ ! \ ! & ! && ! | ! = ! == ! \==
DiagExpression: OK ! Comparators ! Stricts ! Precedence
DiagExpression: OK ! + ! - ! * ! / ! % ! // ! ** ! Pref \ ! Pref + ! Pref -
DiagExpression: OK ! Engineering ! Arithmetic ! Numeric ! HexBin ! InstanceOf
Processing of 'DiagExpression.nrx' complete [3 classes]
Translate time: 2.8s
Interpret time: 0.4s
    Total time: 3.2s
---------------------- 
NetRexx portable processor, version 2.01
Copyright (c) IBM Corporation, 2001.  All rights reserved.
Program DiagConstant.nrx
  === class COM.ibm.netrexx.diag.DiagConstant ===
    constructor DiagConstant()
      overrides Object()
    method binbytes
    function main(String[])
===== Exec: DiagConstant =====
NetRexx 2.01 1 Apr 2001 / Java method DiagConstant.nrx
DiagConstant: OK ! Constant Integer ! Constant Long ! Constant Double
Processing of 'DiagConstant.nrx' complete
Translate time: 1.7s
Interpret time: 0.4s
    Total time: 2.1s
---------------------- 
NetRexx portable processor, version 2.01
Copyright (c) IBM Corporation, 2001.  All rights reserved.
Program DiagNop.nrx
  === class COM.ibm.netrexx.diag.DiagNop ===
    constructor DiagNop()
      overrides Object()
    function main(String[])
===== Exec: DiagNop =====
NetRexx 2.01 1 Apr 2001 / Java method DiagNop.nrx
DiagNop: OK ! Nop
Processing of 'DiagNop.nrx' complete
Translate time: 1.4s
Interpret time: 0.1s
    Total time: 1.5s
---------------------- 
NetRexx portable processor, version 2.01
Copyright (c) IBM Corporation, 2001.  All rights reserved.
Program DiagParse.nrx
  === class COM.ibm.netrexx.diag.DiagParse ===
    constructor DiagParse()
      overrides Object()
    method versource
    method parse2
    method bookparse
    function main(String[])
===== Exec: DiagParse =====
NetRexx 2.01 1 Apr 2001 / Java method DiagParse.nrx
DiagParse: OK ! Parse ! Numeric Parse  ! Parse version/source
DiagParse: OK ! Parse comments ! Extra Parse  ! Book Parse 
Processing of 'DiagParse.nrx' complete
Translate time: 2.2s
Interpret time: 0.2s
    Total time: 2.4s
---------------------- 
NetRexx portable processor, version 2.01
Copyright (c) IBM Corporation, 2001.  All rights reserved.
Program DiagContinue.nrx
  === class COM.ibm.netrexx.diag.DiagContinue ===
    constructor DiagContinue()
      overrides Object()
    function main(String[])
===== Exec: DiagContinue =====
NetRexx 2.01 1 Apr 2001 / Java method DiagContinue.nrx
DiagContinue: OK ! Continuation
Processing of 'DiagContinue.nrx' complete
Translate time: 1.4s
Interpret time: 0.1s
    Total time: 1.5s
---------------------- 
NetRexx portable processor, version 2.01
Copyright (c) IBM Corporation, 2001.  All rights reserved.
Program DiagComment.nrx
  === class COM.ibm.netrexx.diag.DiagComment ===
    constructor DiagComment()
      overrides Object()
    function main(String[])
===== Exec: DiagComment =====
NetRexx 2.01 1 Apr 2001 / Java method DiagComment.nrx
DiagComment: OK ! Simple comments ! Mixed comments ! Nested comments
Processing of 'DiagComment.nrx' complete
Translate time: 1.4s
Interpret time: 0.2s
    Total time: 1.6s
---------------------- 
NetRexx portable processor, version 2.01
Copyright (c) IBM Corporation, 2001.  All rights reserved.
Program DiagForward.nrx
  === class COM.ibm.netrexx.diag.DiagForward ===
    constructor DiagForward()
    method methfoo(int,int)
    function methstat
    method musthave(int)
      implements DiagInterface.musthave(int)
    method retarray
      implements DiagInterface.retarray
    function multiarg(Rexx,Rexx)
    function main(String[])
      signals DiagForward4

  === class COM.ibm.netrexx.diag.DiagForward2 ===
    constructor DiagForward2()
    method letterspage
    method longy

  === class COM.ibm.netrexx.diag.DiagForward3 ===
    method letterspage
    function green
    method getGreen

  === class COM.ibm.netrexx.diag.DiagForward4 ===
    constructor DiagForward4()
      overrides Exception()
===== Exec: DiagForward =====
NetRexx 2.01 1 Apr 2001 / Java method DiagForward.nrx
DiagForward: OK ! Forward
Processing of 'DiagForward.nrx' complete [4 classes]
Translate time: 1.8s
Interpret time: 0.1s
    Total time: 1.9s
---------------------- 
NetRexx portable processor, version 2.01
Copyright (c) IBM Corporation, 2001.  All rights reserved.
Program DiagMutual.nrx
  === class COM.ibm.netrexx.diag.DiagMutual ===
    constructor DiagMutual()
    constructor DiagMutual(String)
    method barmeth
    function main(String[])
Program DiagMutual2.nrx
  === class COM.ibm.netrexx.diag.DiagMutual2 ===
    constructor DiagMutual2(DiagMutual)
    method runner(DiagMutual2)
    method barmeth
      overrides DiagMutual.barmeth
Program DiagMutual3.nrx
  === class COM.ibm.netrexx.diag.DiagMutual3 ===
    method runner(DiagMutual2)
Program DiagMutual4.nrx
  === class COM.ibm.netrexx.diag.DiagMutual4 ===
    method runner(DiagMutual2)
      implements DiagMutual3.runner(DiagMutual2)
===== Exec: DiagMutual =====
NetRexx 2.01 1 Apr 2001 / Java method DiagMutual.nrx
DiagMutual: OK ! Mutual
Processing of 'DiagMutual.nrx' complete
Processing of 'DiagMutual2.nrx' complete
Processing of 'DiagMutual3.nrx' complete
Processing of 'DiagMutual4.nrx' complete
Translate time: 1.7s
Interpret time: 0.1s
    Total time: 1.8s
---------------------- 
NetRexx portable processor, version 2.01
Copyright (c) IBM Corporation, 2001.  All rights reserved.
Program DiagAbstract.nrx
  === class COM.ibm.netrexx.diag.DiagAbstract ===
    constructor DiagAbstract()
    method wocky
    function main(String[])

  === class COM.ibm.netrexx.diag.DiagAbstract2 ===
    constructor DiagAbstract2()
      overrides Object()
    method jabba
    method wocky
===== Exec: DiagAbstract =====
NetRexx 2.01 1 Apr 2001 / Java method DiagAbstract.nrx
DiagAbstract: OK
Processing of 'DiagAbstract.nrx' complete [2 classes]
Translate time: 1.4s
Interpret time: 0.1s
    Total time: 1.5s
---------------------- 
NetRexx portable processor, version 2.01
Copyright (c) IBM Corporation, 2001.  All rights reserved.
Program DiagUTF8.nrx
  === class COM.ibm.netrexx.diag.DiagUTF8 ===
    constructor DiagUTF8()
      overrides Object()
    function main(String[])
===== Exec: DiagUTF8 =====
NetRexx 2.01 1 Apr 2001 / Java method DiagUTF8.nrx
DiagUTF8: OK ! UTF-8 strings ! UTF-8 source ! UTF-8 arith
Processing of 'DiagUTF8.nrx' complete
Translate time: 1.6s
Interpret time: 0.1s
    Total time: 1.7s
---------------------- 
NetRexx portable processor, version 2.01
Copyright (c) IBM Corporation, 2001.  All rights reserved.
Program DiagIndir.nrx
  === class COM.ibm.netrexx.diag.DiagIndir ===
    constructor DiagIndir()
      overrides Object()
    constructor DiagIndir(boolean)
    method isIndbool
    method getIndsarray(int)
    function main(String[])
    method setIndbool(boolean)
    method getIndboolarray
    method setIndboolarray(boolean[])
    method isIndboolarray(int)
    method setIndboolarray(int,boolean)
    method getIndstring
    method setIndstring(String)
    method getIndsarray
    method setIndsarray(String[])
    method setIndsarray(int,String)
    method getIndcarray
    method setIndcarray(char[])
    method getIndcarray(int)
    method setIndcarray(int,char)
    method getIndfixed
===== Exec: DiagIndir =====
NetRexx 2.01 1 Apr 2001 / Java method DiagIndir.nrx
DiagIndir: OK ! Indir
Processing of 'DiagIndir.nrx' complete
Translate time: 1.6s
Interpret time: 0.1s
    Total time: 1.7s
---------------------- 
NetRexx portable processor, version 2.01
Copyright (c) IBM Corporation, 2001.  All rights reserved.
Program DiagMinor.nrx
  === class COM.ibm.netrexx.diag.DiagMinor ===
    constructor DiagMinor()
      overrides Object()
    method widget
    function main(String[])

  === class COM.ibm.netrexx.diag.DiagMinor.child ===
    method foo

  === class COM.ibm.netrexx.diag.DiagMinor2 ===
    constructor DiagMinor2()
    constructor DiagMinor2(Rexx)
      overrides Rexx(Rexx)
    method doit

  === class COM.ibm.netrexx.diag.DiagMinor2.Foo ===
    method aString
    constructor DiagMinor2.Foo()
    constructor DiagMinor2.Foo(Rexx)
      overrides Rexx(Rexx)
    method doit

  === class COM.ibm.netrexx.diag.DiagMinor2.Foo.Bar ===
    constructor DiagMinor2.Foo.Bar()
    constructor DiagMinor2.Foo.Bar(Rexx)
      overrides Rexx(Rexx)
    method doit

  === class COM.ibm.netrexx.diag.DiagMinor2.Mad ===
    constructor DiagMinor2.Mad()
      overrides DiagMinor2.Foo()
    constructor DiagMinor2.Mad(int)
    constructor DiagMinor2.Mad(Rexx)
      overrides DiagMinor2.Foo(Rexx)
    method doit
      overrides DiagMinor2.Foo.doit

  === class COM.ibm.netrexx.diag.DiagMinor3 ===

  === class COM.ibm.netrexx.diag.DiagMinor3.doable ===
    method widget

  === class COM.ibm.netrexx.diag.DiagMinor3.constants ===

  === class COM.ibm.netrexx.diag.DiagMinor3.child ===
    constructor DiagMinor3.child()
      overrides Object()
    constructor DiagMinor3.child(String)
    method doit

  === class COM.ibm.netrexx.diag.DiagMinor3.child.bee ===
    function aStatic
    constructor DiagMinor3.child.bee()
      overrides DiagMinor3.child()

  === class COM.ibm.netrexx.diag.DiagMinor3.sep ===
    constructor DiagMinor3.sep(DiagMinor2)
    method doit
      overrides DiagMinor2.Foo.doit
===== Exec: DiagMinor =====
NetRexx 2.01 1 Apr 2001 / Java method DiagMinor.nrx
DiagMinor: OK
Processing of 'DiagMinor.nrx' complete [12 classes]
Translate time: 1.8s
Interpret time: 1.1s
    Total time: 2.9s
---------------------- 
NetRexx portable processor, version 2.01
Copyright (c) IBM Corporation, 2001.  All rights reserved.
Program DiagRexx.nrx
  === class COM.ibm.netrexx.diag.DiagRexx ===
    constructor DiagRexx()
      overrides Object()
    function abbrev
    function abs
    function b2x
    function centre
    function changestr
    function compare
    function copies
    function copyindexed
    function countstr
    function c2d
    function c2x
    function datatype
    function delstr
    function delword
    function d2c
    function d2x
    function exists
    function format
    function insert
    function lastpos
    function left
    function length
    function lower
    function max
    function min
    function overlay
    function pos
    function reverse
    function right
    function sequence
    function sign
    function space
    function strip
    function substr
    function subword
    function translate
    function trunc
    function upper
    function verify
    function word
    function wordindex
    function wordlength
    function wordpos
    function words
    function x2b
    function x2c
    function x2d
    function nonlanguage
    function main(String[])
===== Exec: DiagRexx =====
NetRexx 2.01 1 Apr 2001 / Java method DiagRexx.nrx
DiagRexx: OK ! Rexx methods [47]
Processing of 'DiagRexx.nrx' complete
Translate time: 2.9s
Interpret time: 0.3s
    Total time: 3.2s
