NetRexx portable processor, version 1.175
Copyright (c) IBM Corporation, 2000.  All rights reserved.
Program DiagMinor.nrx
  === class COM.ibm.netrexx.diag.DiagMinor ===
    constructor DiagMinor()
      overrides Object()
    method widget
    function main(String[])
  28 +++   loc=DiagMinor.child()       -- check minor class properties
     +++   ^^^
     +++ Warning: Private property is defined but not used
  29 +++   ext=HyperlinkEvent.EventType null -- same, external
     +++   ^^^
     +++ Warning: Private property is defined but not used

  === class COM.ibm.netrexx.diag.DiagMinor.child ===
    method foo

  === class COM.ibm.netrexx.diag.DiagMinor2 ===
    constructor DiagMinor2()
    constructor DiagMinor2(Rexx)
      overrides Rexx(Rexx)
    method doit

  === class COM.ibm.netrexx.diag.DiagMinor2.Foo ===
    method aString
    constructor DiagMinor2.Foo()
    constructor DiagMinor2.Foo(Rexx)
      overrides Rexx(Rexx)
    method doit

  === class COM.ibm.netrexx.diag.DiagMinor2.Foo.Bar ===
    constructor DiagMinor2.Foo.Bar()
    constructor DiagMinor2.Foo.Bar(Rexx)
      overrides Rexx(Rexx)
    method doit

  === class COM.ibm.netrexx.diag.DiagMinor2.Mad ===
    constructor DiagMinor2.Mad()
      overrides DiagMinor2.Foo()
    constructor DiagMinor2.Mad(int)
    constructor DiagMinor2.Mad(Rexx)
      overrides DiagMinor2.Foo(Rexx)
    method doit
      overrides DiagMinor2.Foo.doit

  === class COM.ibm.netrexx.diag.DiagMinor3 ===

  === class COM.ibm.netrexx.diag.DiagMinor3.doable ===
    method widget

  === class COM.ibm.netrexx.diag.DiagMinor3.constants ===

  === class COM.ibm.netrexx.diag.DiagMinor3.child ===
    constructor DiagMinor3.child()
      overrides Object()
    constructor DiagMinor3.child(String)
    method doit

  === class COM.ibm.netrexx.diag.DiagMinor3.child.bee ===
    function aStatic
    constructor DiagMinor3.child.bee()
      overrides DiagMinor3.child()

  === class COM.ibm.netrexx.diag.DiagMinor3.sep ===
    constructor DiagMinor3.sep(DiagMinor2)
    method doit
      overrides DiagMinor2.Foo.doit
===== Exec: DiagMinor =====
NetRexx 1.175 25 May 2000 / Java method DiagMinor.nrx
DiagMinor: OK
Processing of 'DiagMinor.nrx' complete [12 classes, 2 warnings]
